[22-Apr-2019 19:56:02 UTC] PHP Warning:  include(dbConnection.php): failed to open stream: No such file or directory in /home/ubuntu/workspace/cst336/practice/p8/api/functions.php on line 6
[22-Apr-2019 19:56:02 UTC] PHP Stack trace:
[22-Apr-2019 19:56:02 UTC] PHP   1. {main}() /home/ubuntu/workspace/cst336/practice/p8/api/functions.php:0
[22-Apr-2019 19:56:02 UTC] PHP Warning:  include(): Failed opening 'dbConnection.php' for inclusion (include_path='.:/usr/share/php:/usr/share/pear') in /home/ubuntu/workspace/cst336/practice/p8/api/functions.php on line 6
[22-Apr-2019 19:56:02 UTC] PHP Stack trace:
[22-Apr-2019 19:56:02 UTC] PHP   1. {main}() /home/ubuntu/workspace/cst336/practice/p8/api/functions.php:0
[22-Apr-2019 19:56:02 UTC] PHP Fatal error:  Call to undefined function getDatabaseConnection() in /home/ubuntu/workspace/cst336/practice/p8/api/functions.php on line 7
[22-Apr-2019 19:56:02 UTC] PHP Stack trace:
[22-Apr-2019 19:56:02 UTC] PHP   1. {main}() /home/ubuntu/workspace/cst336/practice/p8/api/functions.php:0
[22-Apr-2019 19:56:20 UTC] PHP Warning:  include(dbConnection.php): failed to open stream: No such file or directory in /home/ubuntu/workspace/cst336/practice/p8/api/functions.php on line 6
[22-Apr-2019 19:56:20 UTC] PHP Stack trace:
[22-Apr-2019 19:56:20 UTC] PHP   1. {main}() /home/ubuntu/workspace/cst336/practice/p8/api/functions.php:0
[22-Apr-2019 19:56:20 UTC] PHP Warning:  include(): Failed opening 'dbConnection.php' for inclusion (include_path='.:/usr/share/php:/usr/share/pear') in /home/ubuntu/workspace/cst336/practice/p8/api/functions.php on line 6
[22-Apr-2019 19:56:20 UTC] PHP Stack trace:
[22-Apr-2019 19:56:20 UTC] PHP   1. {main}() /home/ubuntu/workspace/cst336/practice/p8/api/functions.php:0
[22-Apr-2019 19:56:20 UTC] PHP Fatal error:  Call to undefined function getDatabaseConnection() in /home/ubuntu/workspace/cst336/practice/p8/api/functions.php on line 7
[22-Apr-2019 19:56:20 UTC] PHP Stack trace:
[22-Apr-2019 19:56:20 UTC] PHP   1. {main}() /home/ubuntu/workspace/cst336/practice/p8/api/functions.php:0
[22-Apr-2019 19:56:54 UTC] PHP Fatal error:  Function name must be a string in /home/ubuntu/workspace/cst336/practice/p8/api/functions.php on line 8
[22-Apr-2019 19:56:54 UTC] PHP Stack trace:
[22-Apr-2019 19:56:54 UTC] PHP   1. {main}() /home/ubuntu/workspace/cst336/practice/p8/api/functions.php:0
[22-Apr-2019 19:57:06 UTC] PHP Fatal error:  Function name must be a string in /home/ubuntu/workspace/cst336/practice/p8/api/functions.php on line 8
[22-Apr-2019 19:57:06 UTC] PHP Stack trace:
[22-Apr-2019 19:57:06 UTC] PHP   1. {main}() /home/ubuntu/workspace/cst336/practice/p8/api/functions.php:0
[22-Apr-2019 19:59:32 UTC] PHP Fatal error:  Function name must be a string in /home/ubuntu/workspace/cst336/practice/p8/api/functions.php on line 9
[22-Apr-2019 19:59:32 UTC] PHP Stack trace:
[22-Apr-2019 19:59:32 UTC] PHP   1. {main}() /home/ubuntu/workspace/cst336/practice/p8/api/functions.php:0
[22-Apr-2019 20:01:23 UTC] PHP Fatal error:  Function name must be a string in /home/ubuntu/workspace/cst336/practice/p8/api/functions.php on line 12
[22-Apr-2019 20:01:23 UTC] PHP Stack trace:
[22-Apr-2019 20:01:23 UTC] PHP   1. {main}() /home/ubuntu/workspace/cst336/practice/p8/api/functions.php:0
[22-Apr-2019 20:02:34 UTC] PHP Fatal error:  Function name must be a string in /home/ubuntu/workspace/cst336/practice/p8/api/functions.php on line 10
[22-Apr-2019 20:02:34 UTC] PHP Stack trace:
[22-Apr-2019 20:02:34 UTC] PHP   1. {main}() /home/ubuntu/workspace/cst336/practice/p8/api/functions.php:0
[22-Apr-2019 20:04:08 UTC] PHP Fatal error:  Function name must be a string in /home/ubuntu/workspace/cst336/practice/p8/api/functions.php on line 14
[22-Apr-2019 20:04:08 UTC] PHP Stack trace:
[22-Apr-2019 20:04:08 UTC] PHP   1. {main}() /home/ubuntu/workspace/cst336/practice/p8/api/functions.php:0
[22-Apr-2019 20:05:06 UTC] PHP Fatal error:  Function name must be a string in /home/ubuntu/workspace/cst336/practice/p8/api/functions.php on line 11
[22-Apr-2019 20:05:06 UTC] PHP Stack trace:
[22-Apr-2019 20:05:06 UTC] PHP   1. {main}() /home/ubuntu/workspace/cst336/practice/p8/api/functions.php:0
[22-Apr-2019 20:05:41 UTC] PHP Fatal error:  Function name must be a string in /home/ubuntu/workspace/cst336/practice/p8/api/functions.php on line 11
[22-Apr-2019 20:05:41 UTC] PHP Stack trace:
[22-Apr-2019 20:05:41 UTC] PHP   1. {main}() /home/ubuntu/workspace/cst336/practice/p8/api/functions.php:0
[22-Apr-2019 20:06:02 UTC] PHP Fatal error:  Function name must be a string in /home/ubuntu/workspace/cst336/practice/p8/api/functions.php on line 11
[22-Apr-2019 20:06:02 UTC] PHP Stack trace:
[22-Apr-2019 20:06:02 UTC] PHP   1. {main}() /home/ubuntu/workspace/cst336/practice/p8/api/functions.php:0
[22-Apr-2019 20:07:40 UTC] PHP Fatal error:  Uncaught exception 'PDOException' with message 'SQLSTATE[42000]: Syntax error or access violation: 1064 You have an error in your SQL syntax; check the manual that corresponds to your MySQL server version for the right syntax to use near ''option2' = 'option2' + 1' at line 1' in /home/ubuntu/workspace/cst336/practice/p8/api/functions.php:14
Stack trace:
#0 /home/ubuntu/workspace/cst336/practice/p8/api/functions.php(14): PDOStatement->execute(Array)
#1 {main}
  thrown in /home/ubuntu/workspace/cst336/practice/p8/api/functions.php on line 14
[22-Apr-2019 20:08:14 UTC] PHP Fatal error:  Uncaught exception 'PDOException' with message 'SQLSTATE[42000]: Syntax error or access violation: 1064 You have an error in your SQL syntax; check the manual that corresponds to your MySQL server version for the right syntax to use near 'NULL = NULL + 1' at line 1' in /home/ubuntu/workspace/cst336/practice/p8/api/functions.php:14
Stack trace:
#0 /home/ubuntu/workspace/cst336/practice/p8/api/functions.php(14): PDOStatement->execute(Array)
#1 {main}
  thrown in /home/ubuntu/workspace/cst336/practice/p8/api/functions.php on line 14
[22-Apr-2019 20:08:48 UTC] PHP Fatal error:  Uncaught exception 'PDOException' with message 'SQLSTATE[42000]: Syntax error or access violation: 1064 You have an error in your SQL syntax; check the manual that corresponds to your MySQL server version for the right syntax to use near 'NULL = NULL + 1' at line 1' in /home/ubuntu/workspace/cst336/practice/p8/api/functions.php:14
Stack trace:
#0 /home/ubuntu/workspace/cst336/practice/p8/api/functions.php(14): PDOStatement->execute(Array)
#1 {main}
  thrown in /home/ubuntu/workspace/cst336/practice/p8/api/functions.php on line 14
[22-Apr-2019 20:08:58 UTC] PHP Fatal error:  Uncaught exception 'PDOException' with message 'SQLSTATE[42000]: Syntax error or access violation: 1064 You have an error in your SQL syntax; check the manual that corresponds to your MySQL server version for the right syntax to use near 'NULL = NULL + 1' at line 1' in /home/ubuntu/workspace/cst336/practice/p8/api/functions.php:14
Stack trace:
#0 /home/ubuntu/workspace/cst336/practice/p8/api/functions.php(14): PDOStatement->execute(Array)
#1 {main}
  thrown in /home/ubuntu/workspace/cst336/practice/p8/api/functions.php on line 14
[22-Apr-2019 20:09:46 UTC] PHP Fatal error:  Uncaught exception 'PDOException' with message 'SQLSTATE[42000]: Syntax error or access violation: 1064 You have an error in your SQL syntax; check the manual that corresponds to your MySQL server version for the right syntax to use near 'NULL = NULL + 1 where pollId = q1' at line 1' in /home/ubuntu/workspace/cst336/practice/p8/api/functions.php:14
Stack trace:
#0 /home/ubuntu/workspace/cst336/practice/p8/api/functions.php(14): PDOStatement->execute(Array)
#1 {main}
  thrown in /home/ubuntu/workspace/cst336/practice/p8/api/functions.php on line 14
[22-Apr-2019 20:10:18 UTC] PHP Fatal error:  Uncaught exception 'PDOException' with message 'SQLSTATE[42000]: Syntax error or access violation: 1064 You have an error in your SQL syntax; check the manual that corresponds to your MySQL server version for the right syntax to use near 'NULL = NULL + 1 where pollId = q1' at line 1' in /home/ubuntu/workspace/cst336/practice/p8/api/functions.php:14
Stack trace:
#0 /home/ubuntu/workspace/cst336/practice/p8/api/functions.php(14): PDOStatement->execute(Array)
#1 {main}
  thrown in /home/ubuntu/workspace/cst336/practice/p8/api/functions.php on line 14
[22-Apr-2019 20:11:05 UTC] PHP Fatal error:  Uncaught exception 'PDOException' with message 'SQLSTATE[42000]: Syntax error or access violation: 1064 You have an error in your SQL syntax; check the manual that corresponds to your MySQL server version for the right syntax to use near ''option1' = 'option1' + 1' at line 1' in /home/ubuntu/workspace/cst336/practice/p8/api/functions.php:14
Stack trace:
#0 /home/ubuntu/workspace/cst336/practice/p8/api/functions.php(14): PDOStatement->execute(Array)
#1 {main}
  thrown in /home/ubuntu/workspace/cst336/practice/p8/api/functions.php on line 14
[22-Apr-2019 20:14:16 UTC] PHP Fatal error:  Uncaught exception 'PDOException' with message 'SQLSTATE[42000]: Syntax error or access violation: 1064 You have an error in your SQL syntax; check the manual that corresponds to your MySQL server version for the right syntax to use near ''option2' = 'option2' + 1' at line 1' in /home/ubuntu/workspace/cst336/practice/p8/api/functions.php:14
Stack trace:
#0 /home/ubuntu/workspace/cst336/practice/p8/api/functions.php(14): PDOStatement->execute(Array)
#1 {main}
  thrown in /home/ubuntu/workspace/cst336/practice/p8/api/functions.php on line 14
