[08-Mar-2019 01:20:00 UTC] PHP Fatal error:  Uncaught exception 'PDOException' with message 'SQLSTATE[HY000] [1045] Access denied for user 'root'@'localhost' (using password: YES)' in /home/ubuntu/workspace/cst336/labs/lab6/getProducts.php:7
Stack trace:
#0 /home/ubuntu/workspace/cst336/labs/lab6/getProducts.php(7): PDO->__construct('mysql:host=loca...', 'root', 'abc')
#1 {main}
  thrown in /home/ubuntu/workspace/cst336/labs/lab6/getProducts.php on line 7
[08-Mar-2019 01:20:13 UTC] PHP Fatal error:  Uncaught exception 'PDOException' with message 'SQLSTATE[HY000] [1049] Unknown database 'ottermart2'' in /home/ubuntu/workspace/cst336/labs/lab6/getProducts.php:7
Stack trace:
#0 /home/ubuntu/workspace/cst336/labs/lab6/getProducts.php(7): PDO->__construct('mysql:host=loca...', 'root', '')
#1 {main}
  thrown in /home/ubuntu/workspace/cst336/labs/lab6/getProducts.php on line 7
[27-Mar-2019 00:21:02 UTC] PHP Parse error:  syntax error, unexpected '$user' (T_VARIABLE) in /home/ubuntu/workspace/cst336/labs/lab7/loginProcess.php on line 13
[27-Mar-2019 00:28:50 UTC] PHP Fatal error:  Call to undefined function empt() in /home/ubuntu/workspace/cst336/labs/lab7/loginProcess.php on line 18
[27-Mar-2019 00:28:50 UTC] PHP Stack trace:
[27-Mar-2019 00:28:50 UTC] PHP   1. {main}() /home/ubuntu/workspace/cst336/labs/lab7/loginProcess.php:0
[27-Mar-2019 00:45:58 UTC] PHP Fatal error:  Function name must be a string in /home/ubuntu/workspace/cst336/labs/lab7/loginProcess.php on line 2
[27-Mar-2019 00:45:58 UTC] PHP Stack trace:
[27-Mar-2019 00:45:58 UTC] PHP   1. {main}() /home/ubuntu/workspace/cst336/labs/lab7/loginProcess.php:0
[27-Mar-2019 00:46:11 UTC] PHP Fatal error:  Function name must be a string in /home/ubuntu/workspace/cst336/labs/lab7/loginProcess.php on line 2
[27-Mar-2019 00:46:11 UTC] PHP Stack trace:
[27-Mar-2019 00:46:11 UTC] PHP   1. {main}() /home/ubuntu/workspace/cst336/labs/lab7/loginProcess.php:0
[27-Mar-2019 00:47:08 UTC] PHP Fatal error:  Function name must be a string in /home/ubuntu/workspace/cst336/labs/lab7/loginProcess.php on line 2
[27-Mar-2019 00:47:08 UTC] PHP Stack trace:
[27-Mar-2019 00:47:08 UTC] PHP   1. {main}() /home/ubuntu/workspace/cst336/labs/lab7/loginProcess.php:0
[03-Apr-2019 00:06:03 UTC] PHP Parse error:  syntax error, unexpected 'echo' (T_ECHO) in /home/ubuntu/workspace/cst336/labs/lab7/addProducts.php on line 13
[05-May-2019 02:57:17 UTC] PHP Fatal error:  Call to undefined function dbConnection() in /home/ubuntu/workspace/cst336/labs/lab9/index.php on line 63
[05-May-2019 02:57:17 UTC] PHP Stack trace:
[05-May-2019 02:57:17 UTC] PHP   1. {main}() /home/ubuntu/workspace/cst336/labs/lab9/index.php:0
[05-May-2019 03:13:23 UTC] PHP Fatal error:  Call to undefined function dbConnection() in /home/ubuntu/workspace/cst336/labs/lab9/index.php on line 63
[05-May-2019 03:13:23 UTC] PHP Stack trace:
[05-May-2019 03:13:23 UTC] PHP   1. {main}() /home/ubuntu/workspace/cst336/labs/lab9/index.php:0
