[29-Apr-2019 19:29:02 UTC] PHP Warning:  include(../dbConnection.php): failed to open stream: No such file or directory in /home/ubuntu/workspace/cst336/practice/p9/api/checkAnswer.php on line 3
[29-Apr-2019 19:29:02 UTC] PHP Stack trace:
[29-Apr-2019 19:29:02 UTC] PHP   1. {main}() /home/ubuntu/workspace/cst336/practice/p9/api/checkAnswer.php:0
[29-Apr-2019 19:29:02 UTC] PHP Warning:  include(): Failed opening '../dbConnection.php' for inclusion (include_path='.:/usr/share/php:/usr/share/pear') in /home/ubuntu/workspace/cst336/practice/p9/api/checkAnswer.php on line 3
[29-Apr-2019 19:29:02 UTC] PHP Stack trace:
[29-Apr-2019 19:29:02 UTC] PHP   1. {main}() /home/ubuntu/workspace/cst336/practice/p9/api/checkAnswer.php:0
[29-Apr-2019 19:29:02 UTC] PHP Fatal error:  Call to undefined function getDatabaseConnection() in /home/ubuntu/workspace/cst336/practice/p9/api/checkAnswer.php on line 4
[29-Apr-2019 19:29:02 UTC] PHP Stack trace:
[29-Apr-2019 19:29:02 UTC] PHP   1. {main}() /home/ubuntu/workspace/cst336/practice/p9/api/checkAnswer.php:0
[29-Apr-2019 19:29:04 UTC] PHP Warning:  include(../dbConnection.php): failed to open stream: No such file or directory in /home/ubuntu/workspace/cst336/practice/p9/api/checkAnswer.php on line 3
[29-Apr-2019 19:29:04 UTC] PHP Stack trace:
[29-Apr-2019 19:29:04 UTC] PHP   1. {main}() /home/ubuntu/workspace/cst336/practice/p9/api/checkAnswer.php:0
[29-Apr-2019 19:29:04 UTC] PHP Warning:  include(): Failed opening '../dbConnection.php' for inclusion (include_path='.:/usr/share/php:/usr/share/pear') in /home/ubuntu/workspace/cst336/practice/p9/api/checkAnswer.php on line 3
[29-Apr-2019 19:29:04 UTC] PHP Stack trace:
[29-Apr-2019 19:29:04 UTC] PHP   1. {main}() /home/ubuntu/workspace/cst336/practice/p9/api/checkAnswer.php:0
[29-Apr-2019 19:29:04 UTC] PHP Fatal error:  Call to undefined function getDatabaseConnection() in /home/ubuntu/workspace/cst336/practice/p9/api/checkAnswer.php on line 4
[29-Apr-2019 19:29:04 UTC] PHP Stack trace:
[29-Apr-2019 19:29:04 UTC] PHP   1. {main}() /home/ubuntu/workspace/cst336/practice/p9/api/checkAnswer.php:0
[29-Apr-2019 19:29:27 UTC] PHP Warning:  include(../dbConnection.php): failed to open stream: No such file or directory in /home/ubuntu/workspace/cst336/practice/p9/api/checkAnswer.php on line 3
[29-Apr-2019 19:29:27 UTC] PHP Stack trace:
[29-Apr-2019 19:29:27 UTC] PHP   1. {main}() /home/ubuntu/workspace/cst336/practice/p9/api/checkAnswer.php:0
[29-Apr-2019 19:29:27 UTC] PHP Warning:  include(): Failed opening '../dbConnection.php' for inclusion (include_path='.:/usr/share/php:/usr/share/pear') in /home/ubuntu/workspace/cst336/practice/p9/api/checkAnswer.php on line 3
[29-Apr-2019 19:29:27 UTC] PHP Stack trace:
[29-Apr-2019 19:29:27 UTC] PHP   1. {main}() /home/ubuntu/workspace/cst336/practice/p9/api/checkAnswer.php:0
[29-Apr-2019 19:29:27 UTC] PHP Fatal error:  Call to undefined function getDatabaseConnection() in /home/ubuntu/workspace/cst336/practice/p9/api/checkAnswer.php on line 4
[29-Apr-2019 19:29:27 UTC] PHP Stack trace:
[29-Apr-2019 19:29:27 UTC] PHP   1. {main}() /home/ubuntu/workspace/cst336/practice/p9/api/checkAnswer.php:0
[29-Apr-2019 19:29:29 UTC] PHP Warning:  include(../dbConnection.php): failed to open stream: No such file or directory in /home/ubuntu/workspace/cst336/practice/p9/api/checkAnswer.php on line 3
[29-Apr-2019 19:29:29 UTC] PHP Stack trace:
[29-Apr-2019 19:29:29 UTC] PHP   1. {main}() /home/ubuntu/workspace/cst336/practice/p9/api/checkAnswer.php:0
[29-Apr-2019 19:29:29 UTC] PHP Warning:  include(): Failed opening '../dbConnection.php' for inclusion (include_path='.:/usr/share/php:/usr/share/pear') in /home/ubuntu/workspace/cst336/practice/p9/api/checkAnswer.php on line 3
[29-Apr-2019 19:29:29 UTC] PHP Stack trace:
[29-Apr-2019 19:29:29 UTC] PHP   1. {main}() /home/ubuntu/workspace/cst336/practice/p9/api/checkAnswer.php:0
[29-Apr-2019 19:29:29 UTC] PHP Fatal error:  Call to undefined function getDatabaseConnection() in /home/ubuntu/workspace/cst336/practice/p9/api/checkAnswer.php on line 4
[29-Apr-2019 19:29:29 UTC] PHP Stack trace:
[29-Apr-2019 19:29:29 UTC] PHP   1. {main}() /home/ubuntu/workspace/cst336/practice/p9/api/checkAnswer.php:0
[29-Apr-2019 19:30:55 UTC] PHP Fatal error:  Uncaught exception 'PDOException' with message 'SQLSTATE[HY093]: Invalid parameter number: number of bound variables does not match number of tokens' in /home/ubuntu/workspace/cst336/practice/p9/api/checkAnswer.php:13
Stack trace:
#0 /home/ubuntu/workspace/cst336/practice/p9/api/checkAnswer.php(13): PDOStatement->execute(Array)
#1 {main}
  thrown in /home/ubuntu/workspace/cst336/practice/p9/api/checkAnswer.php on line 13
[29-Apr-2019 19:31:42 UTC] PHP Fatal error:  Uncaught exception 'PDOException' with message 'SQLSTATE[HY093]: Invalid parameter number: number of bound variables does not match number of tokens' in /home/ubuntu/workspace/cst336/practice/p9/api/checkAnswer.php:13
Stack trace:
#0 /home/ubuntu/workspace/cst336/practice/p9/api/checkAnswer.php(13): PDOStatement->execute(Array)
#1 {main}
  thrown in /home/ubuntu/workspace/cst336/practice/p9/api/checkAnswer.php on line 13
[29-Apr-2019 19:39:54 UTC] PHP Fatal error:  Uncaught exception 'PDOException' with message 'SQLSTATE[HY093]: Invalid parameter number: number of bound variables does not match number of tokens' in /home/ubuntu/workspace/cst336/practice/p9/api/checkAnswer.php:13
Stack trace:
#0 /home/ubuntu/workspace/cst336/practice/p9/api/checkAnswer.php(13): PDOStatement->execute(Array)
#1 {main}
  thrown in /home/ubuntu/workspace/cst336/practice/p9/api/checkAnswer.php on line 13
[29-Apr-2019 19:41:37 UTC] PHP Warning:  mysql_real_escape_string(): Access denied for user ''@'localhost' (using password: NO) in /home/ubuntu/workspace/cst336/practice/p9/api/checkAnswer.php on line 9
[29-Apr-2019 19:41:37 UTC] PHP Stack trace:
[29-Apr-2019 19:41:37 UTC] PHP   1. {main}() /home/ubuntu/workspace/cst336/practice/p9/api/checkAnswer.php:0
[29-Apr-2019 19:41:37 UTC] PHP   2. mysql_real_escape_string() /home/ubuntu/workspace/cst336/practice/p9/api/checkAnswer.php:9
[29-Apr-2019 19:41:37 UTC] PHP Warning:  mysql_real_escape_string(): A link to the server could not be established in /home/ubuntu/workspace/cst336/practice/p9/api/checkAnswer.php on line 9
[29-Apr-2019 19:41:37 UTC] PHP Stack trace:
[29-Apr-2019 19:41:37 UTC] PHP   1. {main}() /home/ubuntu/workspace/cst336/practice/p9/api/checkAnswer.php:0
[29-Apr-2019 19:41:37 UTC] PHP   2. mysql_real_escape_string() /home/ubuntu/workspace/cst336/practice/p9/api/checkAnswer.php:9
[29-Apr-2019 19:41:37 UTC] PHP Fatal error:  Uncaught exception 'PDOException' with message 'SQLSTATE[42000]: Syntax error or access violation: 1065 Query was empty' in /home/ubuntu/workspace/cst336/practice/p9/api/checkAnswer.php:13
Stack trace:
#0 /home/ubuntu/workspace/cst336/practice/p9/api/checkAnswer.php(13): PDOStatement->execute(Array)
#1 {main}
  thrown in /home/ubuntu/workspace/cst336/practice/p9/api/checkAnswer.php on line 13
[29-Apr-2019 19:42:05 UTC] PHP Warning:  mysql_real_escape_string(): Access denied for user ''@'localhost' (using password: NO) in /home/ubuntu/workspace/cst336/practice/p9/api/checkAnswer.php on line 9
[29-Apr-2019 19:42:05 UTC] PHP Stack trace:
[29-Apr-2019 19:42:05 UTC] PHP   1. {main}() /home/ubuntu/workspace/cst336/practice/p9/api/checkAnswer.php:0
[29-Apr-2019 19:42:05 UTC] PHP   2. mysql_real_escape_string() /home/ubuntu/workspace/cst336/practice/p9/api/checkAnswer.php:9
[29-Apr-2019 19:42:05 UTC] PHP Warning:  mysql_real_escape_string(): A link to the server could not be established in /home/ubuntu/workspace/cst336/practice/p9/api/checkAnswer.php on line 9
[29-Apr-2019 19:42:05 UTC] PHP Stack trace:
[29-Apr-2019 19:42:05 UTC] PHP   1. {main}() /home/ubuntu/workspace/cst336/practice/p9/api/checkAnswer.php:0
[29-Apr-2019 19:42:05 UTC] PHP   2. mysql_real_escape_string() /home/ubuntu/workspace/cst336/practice/p9/api/checkAnswer.php:9
[29-Apr-2019 19:42:05 UTC] PHP Fatal error:  Uncaught exception 'PDOException' with message 'SQLSTATE[42000]: Syntax error or access violation: 1065 Query was empty' in /home/ubuntu/workspace/cst336/practice/p9/api/checkAnswer.php:13
Stack trace:
#0 /home/ubuntu/workspace/cst336/practice/p9/api/checkAnswer.php(13): PDOStatement->execute(Array)
#1 {main}
  thrown in /home/ubuntu/workspace/cst336/practice/p9/api/checkAnswer.php on line 13
[29-Apr-2019 19:42:55 UTC] PHP Warning:  mysql_real_escape_string(): Access denied for user ''@'localhost' (using password: NO) in /home/ubuntu/workspace/cst336/practice/p9/api/checkAnswer.php on line 12
[29-Apr-2019 19:42:55 UTC] PHP Stack trace:
[29-Apr-2019 19:42:55 UTC] PHP   1. {main}() /home/ubuntu/workspace/cst336/practice/p9/api/checkAnswer.php:0
[29-Apr-2019 19:42:55 UTC] PHP   2. mysql_real_escape_string() /home/ubuntu/workspace/cst336/practice/p9/api/checkAnswer.php:12
[29-Apr-2019 19:42:55 UTC] PHP Warning:  mysql_real_escape_string(): A link to the server could not be established in /home/ubuntu/workspace/cst336/practice/p9/api/checkAnswer.php on line 12
[29-Apr-2019 19:42:55 UTC] PHP Stack trace:
[29-Apr-2019 19:42:55 UTC] PHP   1. {main}() /home/ubuntu/workspace/cst336/practice/p9/api/checkAnswer.php:0
[29-Apr-2019 19:42:55 UTC] PHP   2. mysql_real_escape_string() /home/ubuntu/workspace/cst336/practice/p9/api/checkAnswer.php:12
[29-Apr-2019 19:42:55 UTC] PHP Fatal error:  Uncaught exception 'PDOException' with message 'SQLSTATE[42000]: Syntax error or access violation: 1065 Query was empty' in /home/ubuntu/workspace/cst336/practice/p9/api/checkAnswer.php:13
Stack trace:
#0 /home/ubuntu/workspace/cst336/practice/p9/api/checkAnswer.php(13): PDOStatement->execute(Array)
#1 {main}
  thrown in /home/ubuntu/workspace/cst336/practice/p9/api/checkAnswer.php on line 13
[29-Apr-2019 19:49:28 UTC] PHP Fatal error:  Uncaught exception 'PDOException' with message 'SQLSTATE[HY093]: Invalid parameter number: number of bound variables does not match number of tokens' in /home/ubuntu/workspace/cst336/practice/p9/api/checkAnswer.php:13
Stack trace:
#0 /home/ubuntu/workspace/cst336/practice/p9/api/checkAnswer.php(13): PDOStatement->execute(Array)
#1 {main}
  thrown in /home/ubuntu/workspace/cst336/practice/p9/api/checkAnswer.php on line 13
[29-Apr-2019 20:14:11 UTC] PHP Warning:  json_decode() expects parameter 1 to be string, array given in /home/ubuntu/workspace/cst336/practice/p9/api/checkAnswer.php on line 16
[29-Apr-2019 20:14:11 UTC] PHP Stack trace:
[29-Apr-2019 20:14:11 UTC] PHP   1. {main}() /home/ubuntu/workspace/cst336/practice/p9/api/checkAnswer.php:0
[29-Apr-2019 20:14:11 UTC] PHP   2. json_decode() /home/ubuntu/workspace/cst336/practice/p9/api/checkAnswer.php:16
